\BOOKMARK [1][-]{section.1}{\376\377\000I\000n\000t\000r\000o\000d\000u\000c\000t\000i\000o\000n}{}% 1
\BOOKMARK [1][-]{section.2}{\376\377\000R\000e\000l\000a\000t\000e\000d\000\040\000W\000o\000r\000k\000s}{}% 2
\BOOKMARK [1][-]{section.3}{\376\377\000D\000e\000s\000i\000g\000n\000\040\000a\000n\000d\000\040\000A\000l\000g\000o\000r\000i\000t\000h\000m}{}% 3
\BOOKMARK [2][-]{subsection.3.1}{\376\377\000D\000o\000c\000u\000m\000e\000n\000t\000\040\000D\000a\000t\000a\000s\000e\000t}{section.3}% 4
\BOOKMARK [2][-]{subsection.3.2}{\376\377\000D\000a\000t\000a\000b\000a\000s\000e\000\040\000D\000e\000s\000i\000g\000n}{section.3}% 5
\BOOKMARK [2][-]{subsection.3.3}{\376\377\000A\000l\000g\000o\000r\000i\000t\000h\000m}{section.3}% 6
\BOOKMARK [3][-]{subsubsection.3.3.1}{\376\377\000T\000F\000-\000I\000D\000F}{subsection.3.3}% 7
\BOOKMARK [3][-]{subsubsection.3.3.2}{\376\377\000B\000M\0002\0005}{subsection.3.3}% 8
\BOOKMARK [3][-]{subsubsection.3.3.3}{\376\377\000W\000o\000r\000d\000\040\000E\000m\000b\000e\000d\000d\000i\000n\000g}{subsection.3.3}% 9
\BOOKMARK [1][-]{section.4}{\376\377\000R\000e\000s\000u\000l\000t}{}% 10
\BOOKMARK [2][-]{subsection.4.1}{\376\377\000S\000e\000a\000r\000c\000h\000\040\000E\000n\000g\000i\000n\000e\000\040\000M\000a\000i\000n\000P\000a\000g\000e}{section.4}% 11
\BOOKMARK [2][-]{subsection.4.2}{\376\377\000S\000e\000a\000r\000c\000h\000\040\000R\000e\000s\000u\000l\000t}{section.4}% 12
\BOOKMARK [3][-]{subsubsection.4.2.1}{\376\377\000Q\000u\000e\000r\000y\000\040\000W\000o\000r\000d\000:\000\040\176\306\200\336}{subsection.4.2}% 13
\BOOKMARK [3][-]{subsubsection.4.2.2}{\376\377\000Q\000u\000e\000r\000y\000\040\000W\000o\000r\000d\000:\000\040\116\055\126\375}{subsection.4.2}% 14
\BOOKMARK [3][-]{subsubsection.4.2.3}{\376\377\000Q\000u\000e\000r\000y\000\040\000W\000o\000r\000d\000:\000\040\154\024\120\031}{subsection.4.2}% 15
\BOOKMARK [2][-]{subsection.4.3}{\376\377\000L\000a\000t\000e\000n\000c\000y\000\040\000M\000e\000t\000r\000i\000c\000s}{section.4}% 16
\BOOKMARK [1][-]{section.5}{\376\377\000F\000u\000t\000u\000r\000e\000\040\000W\000o\000r\000k}{}% 17
\BOOKMARK [1][-]{section.6}{\376\377\000S\000u\000m\000m\000a\000r\000y}{}% 18
\BOOKMARK [1][-]{section.7}{\376\377\000A\000c\000k\000n\000o\000w\000l\000e\000d\000g\000e}{}% 19
\BOOKMARK [1][-]{section.8}{\376\377\000D\000i\000v\000i\000s\000i\000o\000n}{}% 20
